2024-09-26 14:16:23 INFO  Utils:112 - [TestNG] Running:
  D:\OneDrive - Tech4JC Pte. Ltd\Desktop\Java-selenium\Fynxt_TestNG\QA_CP_fynxt\Master.xml

2024-09-26 14:16:24 INFO  TC005_DepositFundsUSDTest:46 - Logger initialized for testCases.TC005_DepositFundsUSDTest
2024-09-26 14:16:24 INFO  TC005_DepositFundsUSDTest:50 - Faker instance initialized
2024-09-26 14:16:35 INFO  TC005_DepositFundsUSDTest:73 - WebDriver initialized and application URL opened
2024-09-26 14:16:35 INFO  TC005_DepositFundsUSDTest:89 - Entered username
2024-09-26 14:16:35 INFO  TC005_DepositFundsUSDTest:92 - Entered password
2024-09-26 14:16:35 INFO  TC005_DepositFundsUSDTest:95 - Clicked on Sign-In button
2024-09-26 14:16:35 INFO  TC005_DepositFundsUSDTest:15 - Login successful.
2024-09-26 14:16:53 INFO  TC005_DepositFundsUSDTest:21 - Navigated to Deposit Funds page.
2024-09-26 14:16:53 INFO  TC005_DepositFundsUSDTest:29 - Deposit amount entered: 1000
2024-09-26 14:16:54 INFO  TC005_DepositFundsUSDTest:33 - Selected payment method: Wire Transfer
2024-09-26 14:16:55 INFO  TC005_DepositFundsUSDTest:37 - Selected bank account: Abdul(12345)
2024-09-26 14:17:06 INFO  TC005_DepositFundsUSDTest:42 - Proceeded and confirmed the deposit.
2024-09-26 14:17:10 INFO  TC005_DepositFundsUSDTest:49 - Fund transfer successful. Success message verified.
2024-09-26 14:17:50 ERROR TC005_DepositFundsUSDTest:76 - An error occurred during the approval process: Unable to send keys to element: Proxy element for: DefaultElementLocator 'By.xpath: //input[@id='username']' due to no such element: Unable to locate element: {"method":"xpath","selector":"//input[@id='username']"}
  (Session info: chrome=129.0.6668.70)
For documentation on this error, please visit: https://www.selenium.dev/documentation/webdriver/troubleshooting/errors#no-such-element-exception
Build info: version: '4.23.1', revision: '656257d8e9'
System info: os.name: 'Windows 10', os.arch: 'amd64', os.version: '10.0', java.version: '21.0.4'
Driver info: org.openqa.selenium.chrome.ChromeDriver
Command: [da7e2500c2b57fc0a413b51f91e53862, findElement {using=xpath, value=//input[@id='username']}]
Capabilities {acceptInsecureCerts: false, browserName: chrome, browserVersion: 129.0.6668.70, chrome: {chromedriverVersion: 129.0.6668.70 (df87d5cf12b1..., userDataDir: C:\Users\ABDULS~1\AppData\L...}, fedcm:accounts: true, goog:chromeOptions: {debuggerAddress: localhost:60135}, networkConnectionEnabled: false, pageLoadStrategy: normal, platformName: windows, proxy: Proxy(), se:cdp: ws://localhost:60135/devtoo..., se:cdpVersion: 129.0.6668.70, setWindowRect: true, strictFileInteractability: false, timeouts: {implicit: 0, pageLoad: 300000, script: 30000}, unhandledPromptBehavior: dismiss and notify, webauthn:extension:credBlob: true, webauthn:extension:largeBlob: true, webauthn:extension:minPinLength: true, webauthn:extension:prf: true, webauthn:virtualAuthenticators: true}
Session ID: da7e2500c2b57fc0a413b51f91e53862
2024-09-26 14:17:50 INFO  TC005_DepositFundsUSDTest:80 - WebDriver session ended
2024-09-26 14:19:29 INFO  Utils:112 - [TestNG] Running:
  D:\OneDrive - Tech4JC Pte. Ltd\Desktop\Java-selenium\Fynxt_TestNG\QA_CP_fynxt\Master.xml

2024-09-26 14:19:30 INFO  TC005_DepositFundsUSDTest:46 - Logger initialized for testCases.TC005_DepositFundsUSDTest
2024-09-26 14:19:30 INFO  TC005_DepositFundsUSDTest:50 - Faker instance initialized
2024-09-26 14:19:36 INFO  TC005_DepositFundsUSDTest:73 - WebDriver initialized and application URL opened
2024-09-26 14:19:37 INFO  TC005_DepositFundsUSDTest:89 - Entered username
2024-09-26 14:19:37 INFO  TC005_DepositFundsUSDTest:92 - Entered password
2024-09-26 14:19:37 INFO  TC005_DepositFundsUSDTest:95 - Clicked on Sign-In button
2024-09-26 14:19:37 INFO  TC005_DepositFundsUSDTest:15 - Login successful.
2024-09-26 14:20:19 INFO  TC005_DepositFundsUSDTest:21 - Navigated to Deposit Funds page.
2024-09-26 14:20:19 INFO  TC005_DepositFundsUSDTest:29 - Deposit amount entered: 1000
2024-09-26 14:20:26 INFO  TC005_DepositFundsUSDTest:33 - Selected payment method: Wire Transfer
2024-09-26 14:20:46 INFO  TC005_DepositFundsUSDTest:37 - Selected bank account: Abdul(12345)
2024-09-26 14:20:46 INFO  TC005_DepositFundsUSDTest:42 - Proceeded and confirmed the deposit.
2024-09-26 14:20:49 INFO  TC005_DepositFundsUSDTest:49 - Fund transfer successful. Success message verified.
2024-09-26 14:21:12 ERROR TC005_DepositFundsUSDTest:76 - An error occurred during the approval process: Error communicating with the remote browser. It may have died.
Build info: version: '4.23.1', revision: '656257d8e9'
System info: os.name: 'Windows 10', os.arch: 'amd64', os.version: '10.0', java.version: '21.0.4'
Driver info: org.openqa.selenium.chrome.ChromeDriver
Command: [c841c1ceb3c9e593eaaa3d3e2133af81, findElement [using, value]]
Capabilities {acceptInsecureCerts: false, browserName: chrome, browserVersion: 129.0.6668.70, chrome: {chromedriverVersion: 129.0.6668.70 (df87d5cf12b1..., userDataDir: C:\Users\ABDULS~1\AppData\L...}, fedcm:accounts: true, goog:chromeOptions: {debuggerAddress: localhost:55717}, networkConnectionEnabled: false, pageLoadStrategy: normal, platformName: windows, proxy: Proxy(), se:cdp: ws://localhost:55717/devtoo..., se:cdpVersion: 129.0.6668.70, setWindowRect: true, strictFileInteractability: false, timeouts: {implicit: 0, pageLoad: 300000, script: 30000}, unhandledPromptBehavior: dismiss and notify, webauthn:extension:credBlob: true, webauthn:extension:largeBlob: true, webauthn:extension:minPinLength: true, webauthn:extension:prf: true, webauthn:virtualAuthenticators: true}
Session ID: c841c1ceb3c9e593eaaa3d3e2133af81
2024-09-26 14:21:12 INFO  TC005_DepositFundsUSDTest:80 - WebDriver session ended
2024-09-26 14:40:36 INFO  Utils:112 - [TestNG] Running:
  D:\OneDrive - Tech4JC Pte. Ltd\Desktop\Java-selenium\Fynxt_TestNG\QA_CP_fynxt\Master.xml

2024-09-26 14:40:37 INFO  TC005_DepositFundsUSDTest:48 - Logger initialized for testCases.TC005_DepositFundsUSDTest
2024-09-26 14:40:37 INFO  TC005_DepositFundsUSDTest:52 - Faker instance initialized
2024-09-26 14:40:46 INFO  TC005_DepositFundsUSDTest:79 - WebDriver initialized and application URL opened
2024-09-26 14:40:46 INFO  TC005_DepositFundsUSDTest:100 - Entered username
2024-09-26 14:40:46 INFO  TC005_DepositFundsUSDTest:103 - Entered password
2024-09-26 14:40:47 INFO  TC005_DepositFundsUSDTest:106 - Clicked on Sign-In button
2024-09-26 14:40:47 INFO  TC005_DepositFundsUSDTest:15 - Login successful.
2024-09-26 14:41:34 INFO  TC005_DepositFundsUSDTest:21 - Navigated to Deposit Funds page.
2024-09-26 14:41:34 INFO  TC005_DepositFundsUSDTest:29 - Deposit amount entered: 1000
2024-09-26 14:41:35 INFO  TC005_DepositFundsUSDTest:33 - Selected payment method: Wire Transfer
2024-09-26 14:41:36 INFO  TC005_DepositFundsUSDTest:37 - Selected bank account: Abdul(12345)
2024-09-26 14:41:38 INFO  TC005_DepositFundsUSDTest:42 - Proceeded and confirmed the deposit.
2024-09-26 14:41:41 INFO  TC005_DepositFundsUSDTest:49 - Fund transfer successful. Success message verified.
2024-09-26 14:41:41 INFO  TC005_DepositFundsUSDTest:86 - WebDriver session ended after method execution
2024-09-26 14:41:47 INFO  TC005_DepositFundsUSDTest:79 - WebDriver initialized and application URL opened
2024-09-26 14:41:48 INFO  TC005_DepositFundsUSDTest:100 - Entered username
2024-09-26 14:41:48 INFO  TC005_DepositFundsUSDTest:103 - Entered password
2024-09-26 14:41:48 INFO  TC005_DepositFundsUSDTest:106 - Clicked on Sign-In button
2024-09-26 14:41:48 INFO  TC005_DepositFundsUSDTest:62 - Login successful.
2024-09-26 14:42:05 INFO  TC005_DepositFundsUSDTest:68 - Navigated to Deposit Funds page.
2024-09-26 14:42:08 INFO  TC005_DepositFundsUSDTest:73 - Closed the deposit confirmation popup using action class.
2024-09-26 14:42:08 INFO  TC005_DepositFundsUSDTest:86 - WebDriver session ended after method execution
2024-09-26 14:42:08 INFO  TC005_DepositFundsUSDTest:92 - Test class teardown completed
2024-09-26 14:42:44 INFO  Utils:112 - [TestNG] Running:
  D:\OneDrive - Tech4JC Pte. Ltd\Desktop\Java-selenium\Fynxt_TestNG\QA_CP_fynxt\Master.xml

2024-09-26 14:42:44 INFO  TC001_ValidLoginTest:48 - Logger initialized for testCases.TC001_ValidLoginTest
2024-09-26 14:42:44 INFO  TC001_ValidLoginTest:52 - Faker instance initialized
2024-09-26 14:42:52 INFO  TC001_ValidLoginTest:79 - WebDriver initialized and application URL opened
2024-09-26 14:42:52 INFO  TC001_ValidLoginTest:13 - *** Starting TC001_ValidLoginTest ***
2024-09-26 14:42:53 INFO  TC001_ValidLoginTest:19 - Entered username
2024-09-26 14:42:53 INFO  TC001_ValidLoginTest:22 - Entered password
2024-09-26 14:42:53 INFO  TC001_ValidLoginTest:25 - Clicked on Sign-In button
2024-09-26 14:43:00 INFO  TC001_ValidLoginTest:29 - Dashboard heading text is correct.
2024-09-26 14:43:00 INFO  TC001_ValidLoginTest:35 - *** Finished TC001_ValidLoginTest ***
2024-09-26 14:43:01 INFO  TC001_ValidLoginTest:86 - WebDriver session ended after method execution
2024-09-26 14:43:01 INFO  TC001_ValidLoginTest:92 - Test class teardown completed
2024-09-26 14:43:01 INFO  TC002_InValidLoginTest:48 - Logger initialized for testCases.TC002_InValidLoginTest
2024-09-26 14:43:01 INFO  TC002_InValidLoginTest:52 - Faker instance initialized
2024-09-26 14:43:13 INFO  TC002_InValidLoginTest:79 - WebDriver initialized and application URL opened
2024-09-26 14:43:13 INFO  TC002_InValidLoginTest:12 - *** Starting TC002_InValidLoginTest ***
2024-09-26 14:43:13 INFO  TC002_InValidLoginTest:17 - Entered username
2024-09-26 14:43:14 INFO  TC002_InValidLoginTest:20 - Entered password
2024-09-26 14:43:14 INFO  TC002_InValidLoginTest:23 - Clicked on Sign-In button
2024-09-26 14:43:15 INFO  TC002_InValidLoginTest:27 - Error message is displayed as expected for invalid credentials.
2024-09-26 14:43:21 INFO  TC002_InValidLoginTest:34 - *** Starting TC002_InValidLoginTest ***
2024-09-26 14:43:22 INFO  TC002_InValidLoginTest:86 - WebDriver session ended after method execution
2024-09-26 14:43:22 INFO  TC002_InValidLoginTest:92 - Test class teardown completed
2024-09-26 14:43:22 INFO  TC003_AccountRegistrationTest:48 - Logger initialized for testCases.TC003_AccountRegistrationTest
2024-09-26 14:43:22 INFO  TC003_AccountRegistrationTest:52 - Faker instance initialized
2024-09-26 14:43:31 INFO  TC003_AccountRegistrationTest:79 - WebDriver initialized and application URL opened
2024-09-26 14:43:31 INFO  TC003_AccountRegistrationTest:15 - *** Starting TC003_AccountRegistrationTest ***
2024-09-26 14:43:35 INFO  TC003_AccountRegistrationTest:21 - Clicked on Sign-Up button
2024-09-26 14:43:36 INFO  TC003_AccountRegistrationTest:25 - Entered username
2024-09-26 14:43:37 INFO  TC003_AccountRegistrationTest:28 - Entered first name
2024-09-26 14:43:37 INFO  TC003_AccountRegistrationTest:31 - Entered last name
2024-09-26 14:43:38 INFO  TC003_AccountRegistrationTest:35 - Entered email address
2024-09-26 14:43:38 INFO  TC003_AccountRegistrationTest:38 - Entered confirm email address
2024-09-26 14:43:38 INFO  TC003_AccountRegistrationTest:41 - Entered password.
2024-09-26 14:43:39 INFO  TC003_AccountRegistrationTest:44 - Entered phone number
2024-09-26 14:43:39 INFO  TC003_AccountRegistrationTest:47 - Clicked on Sign-Up button
2024-09-26 14:43:42 INFO  TC003_AccountRegistrationTest:57 - *** Finished TC003_AccountRegistrationTest ***
2024-09-26 14:43:43 INFO  TC003_AccountRegistrationTest:86 - WebDriver session ended after method execution
2024-09-26 14:43:43 INFO  TC003_AccountRegistrationTest:92 - Test class teardown completed
2024-09-26 14:43:43 INFO  TC004_CreateMT4AccountTest:48 - Logger initialized for testCases.TC004_CreateMT4AccountTest
2024-09-26 14:43:43 INFO  TC004_CreateMT4AccountTest:52 - Faker instance initialized
2024-09-26 14:44:01 INFO  TC004_CreateMT4AccountTest:79 - WebDriver initialized and application URL opened
2024-09-26 14:44:01 INFO  TC004_CreateMT4AccountTest:12 - *** Starting TC004_CreateMT4AccountTest ***
2024-09-26 14:44:02 INFO  TC004_CreateMT4AccountTest:100 - Entered username
2024-09-26 14:44:02 INFO  TC004_CreateMT4AccountTest:103 - Entered password
2024-09-26 14:44:02 INFO  TC004_CreateMT4AccountTest:106 - Clicked on Sign-In button
2024-09-26 14:44:02 INFO  TC004_CreateMT4AccountTest:17 - Login successful.
2024-09-26 14:44:11 INFO  TC004_CreateMT4AccountTest:21 - Clicked on My Accounts.
2024-09-26 14:44:16 INFO  TC004_CreateMT4AccountTest:24 - Clicked on Create Account.
2024-09-26 14:44:17 INFO  TC004_CreateMT4AccountTest:30 - Selected MT4 trading platform.
2024-09-26 14:44:18 INFO  TC004_CreateMT4AccountTest:35 - Entered account name: zoela
2024-09-26 14:44:19 INFO  TC004_CreateMT4AccountTest:39 - Selected USD wallet option.
2024-09-26 14:44:19 INFO  TC004_CreateMT4AccountTest:44 - Set account balance to: 1000
2024-09-26 14:44:19 INFO  TC004_CreateMT4AccountTest:48 - Clicked 'I Confirm' checkbox.
2024-09-26 14:44:19 INFO  TC004_CreateMT4AccountTest:52 - Clicked on Create Account button.
2024-09-26 14:44:30 INFO  TC004_CreateMT4AccountTest:56 - MT4 Account created with number: 1245995298
2024-09-26 14:44:34 ERROR TC004_CreateMT4AccountTest:66 - An error occurred while creating the MT4 account: 
java.lang.RuntimeException: Unable to click on element: [[ChromeDriver: chrome on windows (4f2de959b40ec699d9a6a17d4ddce5c2)] -> xpath: (//i[@class='fas fa-times' and @data-dismiss='modal'])[1]] due to element click intercepted: Element <i class="fas fa-times" data-dismiss="modal"></i> is not clickable at point (1184, 65). Other element would receive the click: <i class="fas fa-times" data-dismiss="modal"></i>
  (Session info: chrome=129.0.6668.70)
Build info: version: '4.23.1', revision: '656257d8e9'
System info: os.name: 'Windows 10', os.arch: 'amd64', os.version: '10.0', java.version: '21.0.4'
Driver info: org.openqa.selenium.chrome.ChromeDriver
Command: [4f2de959b40ec699d9a6a17d4ddce5c2, clickElement {id=f.62B51162CFE75478BAB454E5D1CFB30F.d.848323B90B0204E4B3C1F2637B4F42BE.e.373}]
Capabilities {acceptInsecureCerts: false, browserName: chrome, browserVersion: 129.0.6668.70, chrome: {chromedriverVersion: 129.0.6668.70 (df87d5cf12b1..., userDataDir: C:\Users\ABDULS~1\AppData\L...}, fedcm:accounts: true, goog:chromeOptions: {debuggerAddress: localhost:65398}, networkConnectionEnabled: false, pageLoadStrategy: normal, platformName: windows, proxy: Proxy(), se:cdp: ws://localhost:65398/devtoo..., se:cdpVersion: 129.0.6668.70, setWindowRect: true, strictFileInteractability: false, timeouts: {implicit: 0, pageLoad: 300000, script: 30000}, unhandledPromptBehavior: dismiss and notify, webauthn:extension:credBlob: true, webauthn:extension:largeBlob: true, webauthn:extension:minPinLength: true, webauthn:extension:prf: true, webauthn:virtualAuthenticators: true}
Element: [[ChromeDriver: chrome on windows (4f2de959b40ec699d9a6a17d4ddce5c2)] -> xpath: (//i[@class='fas fa-times' and @data-dismiss='modal'])[1]]
Session ID: 4f2de959b40ec699d9a6a17d4ddce5c2
	at pageObjects.BasePage.waitAndClick(BasePage.java:57) ~[test-classes/:?]
	at pageObjects.CP.MyAccounts_CreateAccountMT4.clickDismissModal(MyAccounts_CreateAccountMT4.java:108) ~[test-classes/:?]
	at testCases.TC004_CreateMT4AccountTest.createMT4_Account(TC004_CreateMT4AccountTest.java:59) ~[test-classes/:?]
	at java.base/jdk.internal.reflect.DirectMethodHandleAccessor.invoke(DirectMethodHandleAccessor.java:103) ~[?:?]
	at java.base/java.lang.reflect.Method.invoke(Method.java:580) ~[?:?]
	at org.testng.internal.invokers.MethodInvocationHelper.invokeMethod(MethodInvocationHelper.java:141) ~[testng-7.10.2.jar:7.10.2]
	at org.testng.internal.invokers.TestInvoker.invokeMethod(TestInvoker.java:686) ~[testng-7.10.2.jar:7.10.2]
	at org.testng.internal.invokers.TestInvoker.invokeTestMethod(TestInvoker.java:230) ~[testng-7.10.2.jar:7.10.2]
	at org.testng.internal.invokers.MethodRunner.runInSequence(MethodRunner.java:63) ~[testng-7.10.2.jar:7.10.2]
	at org.testng.internal.invokers.TestInvoker$MethodInvocationAgent.invoke(TestInvoker.java:992) ~[testng-7.10.2.jar:7.10.2]
	at org.testng.internal.invokers.TestInvoker.invokeTestMethods(TestInvoker.java:203) ~[testng-7.10.2.jar:7.10.2]
	at org.testng.internal.invokers.TestMethodWorker.invokeTestMethods(TestMethodWorker.java:154) ~[testng-7.10.2.jar:7.10.2]
	at org.testng.internal.invokers.TestMethodWorker.run(TestMethodWorker.java:134) ~[testng-7.10.2.jar:7.10.2]
	at java.base/java.util.ArrayList.forEach(ArrayList.java:1596) [?:?]
	at org.testng.TestRunner.privateRun(TestRunner.java:739) [testng-7.10.2.jar:7.10.2]
	at org.testng.TestRunner.run(TestRunner.java:614) [testng-7.10.2.jar:7.10.2]
	at org.testng.SuiteRunner.runTest(SuiteRunner.java:421) [testng-7.10.2.jar:7.10.2]
	at org.testng.SuiteRunner.runSequentially(SuiteRunner.java:413) [testng-7.10.2.jar:7.10.2]
	at org.testng.SuiteRunner.privateRun(SuiteRunner.java:373) [testng-7.10.2.jar:7.10.2]
	at org.testng.SuiteRunner.run(SuiteRunner.java:312) [testng-7.10.2.jar:7.10.2]
	at org.testng.SuiteRunnerWorker.runSuite(SuiteRunnerWorker.java:52) [testng-7.10.2.jar:7.10.2]
	at org.testng.SuiteRunnerWorker.run(SuiteRunnerWorker.java:95) [testng-7.10.2.jar:7.10.2]
	at org.testng.TestNG.runSuitesSequentially(TestNG.java:1274) [testng-7.10.2.jar:7.10.2]
	at org.testng.TestNG.runSuitesLocally(TestNG.java:1208) [testng-7.10.2.jar:7.10.2]
	at org.testng.TestNG.runSuites(TestNG.java:1112) [testng-7.10.2.jar:7.10.2]
	at org.testng.TestNG.run(TestNG.java:1079) [testng-7.10.2.jar:7.10.2]
	at org.testng.remote.AbstractRemoteTestNG.run(AbstractRemoteTestNG.java:115) [testng-remote.jar:?]
	at org.testng.remote.RemoteTestNG.initAndRun(RemoteTestNG.java:293) [testng-remote.jar:?]
	at org.testng.remote.RemoteTestNG.main(RemoteTestNG.java:91) [testng-remote.jar:?]
2024-09-26 14:44:35 INFO  TC004_CreateMT4AccountTest:86 - WebDriver session ended after method execution
2024-09-26 14:44:35 INFO  TC004_CreateMT4AccountTest:92 - Test class teardown completed
2024-09-26 14:44:35 INFO  TC005_DepositFundsUSDTest:48 - Logger initialized for testCases.TC005_DepositFundsUSDTest
2024-09-26 14:44:35 INFO  TC005_DepositFundsUSDTest:52 - Faker instance initialized
2024-09-26 14:44:46 INFO  TC005_DepositFundsUSDTest:79 - WebDriver initialized and application URL opened
2024-09-26 14:44:46 INFO  TC005_DepositFundsUSDTest:100 - Entered username
2024-09-26 14:44:47 INFO  TC005_DepositFundsUSDTest:103 - Entered password
2024-09-26 14:44:47 INFO  TC005_DepositFundsUSDTest:106 - Clicked on Sign-In button
2024-09-26 14:44:47 INFO  TC005_DepositFundsUSDTest:15 - Login successful.
2024-09-26 14:45:01 INFO  TC005_DepositFundsUSDTest:21 - Navigated to Deposit Funds page.
2024-09-26 14:45:01 INFO  TC005_DepositFundsUSDTest:29 - Deposit amount entered: 1000
2024-09-26 14:45:03 INFO  TC005_DepositFundsUSDTest:33 - Selected payment method: Wire Transfer
2024-09-26 14:45:04 INFO  TC005_DepositFundsUSDTest:37 - Selected bank account: Abdul(12345)
2024-09-26 14:45:05 INFO  TC005_DepositFundsUSDTest:42 - Proceeded and confirmed the deposit.
2024-09-26 14:45:09 INFO  TC005_DepositFundsUSDTest:49 - Fund transfer successful. Success message verified.
2024-09-26 14:45:10 INFO  TC005_DepositFundsUSDTest:86 - WebDriver session ended after method execution
2024-09-26 14:45:17 INFO  TC005_DepositFundsUSDTest:79 - WebDriver initialized and application URL opened
2024-09-26 14:45:17 INFO  TC005_DepositFundsUSDTest:100 - Entered username
2024-09-26 14:45:17 INFO  TC005_DepositFundsUSDTest:103 - Entered password
2024-09-26 14:45:17 INFO  TC005_DepositFundsUSDTest:106 - Clicked on Sign-In button
2024-09-26 14:45:17 INFO  TC005_DepositFundsUSDTest:62 - Login successful.
2024-09-26 14:45:28 INFO  TC005_DepositFundsUSDTest:68 - Navigated to Deposit Funds page.
2024-09-26 14:45:38 ERROR TC005_DepositFundsUSDTest:76 - An error occurred during the approval process: no such element: Unable to locate element: {"method":"xpath","selector":"//i[@data-dismiss='modal']"}
  (Session info: chrome=129.0.6668.70)
For documentation on this error, please visit: https://www.selenium.dev/documentation/webdriver/troubleshooting/errors#no-such-element-exception
Build info: version: '4.23.1', revision: '656257d8e9'
System info: os.name: 'Windows 10', os.arch: 'amd64', os.version: '10.0', java.version: '21.0.4'
Driver info: org.openqa.selenium.chrome.ChromeDriver
Command: [1b9dc83301e6369e1ab999e79bc21200, findElement {using=xpath, value=//i[@data-dismiss='modal']}]
Capabilities {acceptInsecureCerts: false, browserName: chrome, browserVersion: 129.0.6668.70, chrome: {chromedriverVersion: 129.0.6668.70 (df87d5cf12b1..., userDataDir: C:\Users\ABDULS~1\AppData\L...}, fedcm:accounts: true, goog:chromeOptions: {debuggerAddress: localhost:65504}, networkConnectionEnabled: false, pageLoadStrategy: normal, platformName: windows, proxy: Proxy(), se:cdp: ws://localhost:65504/devtoo..., se:cdpVersion: 129.0.6668.70, setWindowRect: true, strictFileInteractability: false, timeouts: {implicit: 0, pageLoad: 300000, script: 30000}, unhandledPromptBehavior: dismiss and notify, webauthn:extension:credBlob: true, webauthn:extension:largeBlob: true, webauthn:extension:minPinLength: true, webauthn:extension:prf: true, webauthn:virtualAuthenticators: true}
Session ID: 1b9dc83301e6369e1ab999e79bc21200
2024-09-26 14:45:39 INFO  TC005_DepositFundsUSDTest:86 - WebDriver session ended after method execution
2024-09-26 14:45:39 INFO  TC005_DepositFundsUSDTest:92 - Test class teardown completed
2024-09-26 14:45:39 INFO  TC015_CreatePublicStrategy:48 - Logger initialized for testCases.TC015_CreatePublicStrategy
2024-09-26 14:45:39 INFO  TC015_CreatePublicStrategy:52 - Faker instance initialized
2024-09-26 14:45:46 INFO  TC015_CreatePublicStrategy:79 - WebDriver initialized and application URL opened
2024-09-26 14:45:46 INFO  TC015_CreatePublicStrategy:13 - *** Starting TC005_CreatePublicStrategy ***
2024-09-26 14:45:46 INFO  TC015_CreatePublicStrategy:100 - Entered username
2024-09-26 14:45:47 INFO  TC015_CreatePublicStrategy:103 - Entered password
2024-09-26 14:45:47 INFO  TC015_CreatePublicStrategy:106 - Clicked on Sign-In button
2024-09-26 14:45:47 INFO  TC015_CreatePublicStrategy:18 - Login successful.
2024-09-26 14:45:53 INFO  TC015_CreatePublicStrategy:22 - Clicked on Managed Accounts menu.
2024-09-26 14:46:04 INFO  TC015_CreatePublicStrategy:25 - Clicked on Published Strategies sub-menu.
2024-09-26 14:46:04 INFO  TC015_CreatePublicStrategy:30 - Clicked on Add button.
2024-09-26 14:46:11 INFO  TC015_CreatePublicStrategy:38 - Entered strategy name: njrk722 Strategy
2024-09-26 14:46:11 INFO  TC015_CreatePublicStrategy:42 - Entered publisher name: Dolores Predovic
2024-09-26 14:46:12 INFO  TC015_CreatePublicStrategy:45 - Entered strategy description: Qui sit fugit ut maiores vero.
2024-09-26 14:46:14 INFO  TC015_CreatePublicStrategy:48 - Set performance fee to 10 for MonthEnd.
2024-09-26 14:46:15 INFO  TC015_CreatePublicStrategy:51 - Clicked on Send Request button.
2024-09-26 14:46:21 ERROR TC015_CreatePublicStrategy:66 - An error occurred while creating the public strategy: 
org.openqa.selenium.StaleElementReferenceException: stale element reference: stale element not found in the current frame
  (Session info: chrome=129.0.6668.70)
For documentation on this error, please visit: https://www.selenium.dev/documentation/webdriver/troubleshooting/errors#stale-element-reference-exception
Build info: version: '4.23.1', revision: '656257d8e9'
System info: os.name: 'Windows 10', os.arch: 'amd64', os.version: '10.0', java.version: '21.0.4'
Driver info: org.openqa.selenium.chrome.ChromeDriver
Command: [e08d9f7b06be1632bcdf88637f1b1da9, getElementText {id=f.95FEA8CDB47C3AAE7CBDABB68569C7C2.d.00CC0C4454B26CD10B6D7981703A81BD.e.473}]
Capabilities {acceptInsecureCerts: false, browserName: chrome, browserVersion: 129.0.6668.70, chrome: {chromedriverVersion: 129.0.6668.70 (df87d5cf12b1..., userDataDir: C:\Users\ABDULS~1\AppData\L...}, fedcm:accounts: true, goog:chromeOptions: {debuggerAddress: localhost:49152}, networkConnectionEnabled: false, pageLoadStrategy: normal, platformName: windows, proxy: Proxy(), se:cdp: ws://localhost:49152/devtoo..., se:cdpVersion: 129.0.6668.70, setWindowRect: true, strictFileInteractability: false, timeouts: {implicit: 0, pageLoad: 300000, script: 30000}, unhandledPromptBehavior: dismiss and notify, webauthn:extension:credBlob: true, webauthn:extension:largeBlob: true, webauthn:extension:minPinLength: true, webauthn:extension:prf: true, webauthn:virtualAuthenticators: true}
Element: [[ChromeDriver: chrome on windows (e08d9f7b06be1632bcdf88637f1b1da9)] -> xpath: //tbody//h6[@class='m-0 ellipsis']//span[@class='ellipsis']]
Session ID: e08d9f7b06be1632bcdf88637f1b1da9
	at java.base/jdk.internal.reflect.DirectConstructorHandleAccessor.newInstance(DirectConstructorHandleAccessor.java:62) ~[?:?]
	at java.base/java.lang.reflect.Constructor.newInstanceWithCaller(Constructor.java:502) ~[?:?]
	at java.base/java.lang.reflect.Constructor.newInstance(Constructor.java:486) ~[?:?]
	at org.openqa.selenium.remote.ErrorCodec.decode(ErrorCodec.java:167) ~[selenium-remote-driver-4.23.1.jar:?]
	at org.openqa.selenium.remote.codec.w3c.W3CHttpResponseCodec.decode(W3CHttpResponseCodec.java:138) ~[selenium-remote-driver-4.23.1.jar:?]
	at org.openqa.selenium.remote.codec.w3c.W3CHttpResponseCodec.decode(W3CHttpResponseCodec.java:50) ~[selenium-remote-driver-4.23.1.jar:?]
	at org.openqa.selenium.remote.HttpCommandExecutor.execute(HttpCommandExecutor.java:190) ~[selenium-remote-driver-4.23.1.jar:?]
	at org.openqa.selenium.remote.service.DriverCommandExecutor.invokeExecute(DriverCommandExecutor.java:216) ~[selenium-remote-driver-4.23.1.jar:?]
	at org.openqa.selenium.remote.service.DriverCommandExecutor.execute(DriverCommandExecutor.java:174) ~[selenium-remote-driver-4.23.1.jar:?]
	at org.openqa.selenium.remote.RemoteWebDriver.execute(RemoteWebDriver.java:545) ~[selenium-remote-driver-4.23.1.jar:?]
	at org.openqa.selenium.remote.RemoteWebElement.execute(RemoteWebElement.java:223) ~[selenium-remote-driver-4.23.1.jar:?]
	at org.openqa.selenium.remote.RemoteWebElement.getText(RemoteWebElement.java:191) ~[selenium-remote-driver-4.23.1.jar:?]
	at java.base/java.util.stream.ReferencePipeline$3$1.accept(ReferencePipeline.java:197) ~[?:?]
	at java.base/java.util.ArrayList$ArrayListSpliterator.forEachRemaining(ArrayList.java:1708) ~[?:?]
	at java.base/java.util.stream.AbstractPipeline.copyInto(AbstractPipeline.java:509) ~[?:?]
	at java.base/java.util.stream.AbstractPipeline.wrapAndCopyInto(AbstractPipeline.java:499) ~[?:?]
	at java.base/java.util.stream.ReduceOps$ReduceOp.evaluateSequential(ReduceOps.java:921) ~[?:?]
	at java.base/java.util.stream.AbstractPipeline.evaluate(AbstractPipeline.java:234) ~[?:?]
	at java.base/java.util.stream.ReferencePipeline.collect(ReferencePipeline.java:682) ~[?:?]
	at pageObjects.CP.ManagedAccounts_PublishedStrategies.getStrategyNames(ManagedAccounts_PublishedStrategies.java:69) ~[test-classes/:?]
	at testCases.TC015_CreatePublicStrategy.create_Public_strategy(TC015_CreatePublicStrategy.java:56) ~[test-classes/:?]
	at java.base/jdk.internal.reflect.DirectMethodHandleAccessor.invoke(DirectMethodHandleAccessor.java:103) ~[?:?]
	at java.base/java.lang.reflect.Method.invoke(Method.java:580) ~[?:?]
	at org.testng.internal.invokers.MethodInvocationHelper.invokeMethod(MethodInvocationHelper.java:141) ~[testng-7.10.2.jar:7.10.2]
	at org.testng.internal.invokers.TestInvoker.invokeMethod(TestInvoker.java:686) ~[testng-7.10.2.jar:7.10.2]
	at org.testng.internal.invokers.TestInvoker.invokeTestMethod(TestInvoker.java:230) ~[testng-7.10.2.jar:7.10.2]
	at org.testng.internal.invokers.MethodRunner.runInSequence(MethodRunner.java:63) ~[testng-7.10.2.jar:7.10.2]
	at org.testng.internal.invokers.TestInvoker$MethodInvocationAgent.invoke(TestInvoker.java:992) ~[testng-7.10.2.jar:7.10.2]
	at org.testng.internal.invokers.TestInvoker.invokeTestMethods(TestInvoker.java:203) ~[testng-7.10.2.jar:7.10.2]
	at org.testng.internal.invokers.TestMethodWorker.invokeTestMethods(TestMethodWorker.java:154) ~[testng-7.10.2.jar:7.10.2]
	at org.testng.internal.invokers.TestMethodWorker.run(TestMethodWorker.java:134) ~[testng-7.10.2.jar:7.10.2]
	at java.base/java.util.ArrayList.forEach(ArrayList.java:1596) [?:?]
	at org.testng.TestRunner.privateRun(TestRunner.java:739) [testng-7.10.2.jar:7.10.2]
	at org.testng.TestRunner.run(TestRunner.java:614) [testng-7.10.2.jar:7.10.2]
	at org.testng.SuiteRunner.runTest(SuiteRunner.java:421) [testng-7.10.2.jar:7.10.2]
	at org.testng.SuiteRunner.runSequentially(SuiteRunner.java:413) [testng-7.10.2.jar:7.10.2]
	at org.testng.SuiteRunner.privateRun(SuiteRunner.java:373) [testng-7.10.2.jar:7.10.2]
	at org.testng.SuiteRunner.run(SuiteRunner.java:312) [testng-7.10.2.jar:7.10.2]
	at org.testng.SuiteRunnerWorker.runSuite(SuiteRunnerWorker.java:52) [testng-7.10.2.jar:7.10.2]
	at org.testng.SuiteRunnerWorker.run(SuiteRunnerWorker.java:95) [testng-7.10.2.jar:7.10.2]
	at org.testng.TestNG.runSuitesSequentially(TestNG.java:1274) [testng-7.10.2.jar:7.10.2]
	at org.testng.TestNG.runSuitesLocally(TestNG.java:1208) [testng-7.10.2.jar:7.10.2]
	at org.testng.TestNG.runSuites(TestNG.java:1112) [testng-7.10.2.jar:7.10.2]
	at org.testng.TestNG.run(TestNG.java:1079) [testng-7.10.2.jar:7.10.2]
	at org.testng.remote.AbstractRemoteTestNG.run(AbstractRemoteTestNG.java:115) [testng-remote.jar:?]
	at org.testng.remote.RemoteTestNG.initAndRun(RemoteTestNG.java:293) [testng-remote.jar:?]
	at org.testng.remote.RemoteTestNG.main(RemoteTestNG.java:91) [testng-remote.jar:?]
2024-09-26 14:46:23 INFO  TC015_CreatePublicStrategy:86 - WebDriver session ended after method execution
2024-09-26 14:46:23 INFO  TC015_CreatePublicStrategy:92 - Test class teardown completed
2024-09-26 14:48:03 INFO  Utils:112 - [TestNG] Running:
  D:\OneDrive - Tech4JC Pte. Ltd\Desktop\Java-selenium\Fynxt_TestNG\QA_CP_fynxt\test-output\testng-failed.xml

2024-09-26 14:48:03 INFO  TC015_CreatePublicStrategy:48 - Logger initialized for testCases.TC015_CreatePublicStrategy
2024-09-26 14:48:03 INFO  TC015_CreatePublicStrategy:52 - Faker instance initialized
2024-09-26 14:48:12 INFO  TC015_CreatePublicStrategy:79 - WebDriver initialized and application URL opened
2024-09-26 14:48:12 INFO  TC015_CreatePublicStrategy:13 - *** Starting TC005_CreatePublicStrategy ***
2024-09-26 14:48:12 INFO  TC015_CreatePublicStrategy:100 - Entered username
2024-09-26 14:48:12 INFO  TC015_CreatePublicStrategy:103 - Entered password
2024-09-26 14:48:13 INFO  TC015_CreatePublicStrategy:106 - Clicked on Sign-In button
2024-09-26 14:48:13 INFO  TC015_CreatePublicStrategy:18 - Login successful.
2024-09-26 14:48:18 INFO  TC015_CreatePublicStrategy:22 - Clicked on Managed Accounts menu.
2024-09-26 14:48:24 INFO  TC015_CreatePublicStrategy:25 - Clicked on Published Strategies sub-menu.
2024-09-26 14:48:24 INFO  TC015_CreatePublicStrategy:30 - Clicked on Add button.
2024-09-26 14:48:28 INFO  TC015_CreatePublicStrategy:38 - Entered strategy name: dg0y9q7 Strategy
2024-09-26 14:48:28 INFO  TC015_CreatePublicStrategy:42 - Entered publisher name: Elisa Wunsch
2024-09-26 14:48:29 INFO  TC015_CreatePublicStrategy:45 - Entered strategy description: Tenetur cum fuga.
2024-09-26 14:48:30 INFO  TC015_CreatePublicStrategy:48 - Set performance fee to 10 for MonthEnd.
2024-09-26 14:48:34 ERROR TC015_CreatePublicStrategy:66 - An error occurred while creating the public strategy: 
java.lang.RuntimeException: Unable to click on element: [[ChromeDriver: chrome on windows (e40fab5cb0c49ca441f48afba084a77a)] -> xpath: //button[@id='btnCreateMAMStrategy']] due to element click intercepted: Element <button type="button" id="btnCreateMAMStrategy" class="btn btn-apply mr-0" data-resourcekey="TXT_SendRequest">...</button> is not clickable at point (1001, 883). Other element would receive the click: <div class="modal Notification-Popup welcome-message fade modal-sm-theme show" id="NotificationPopup" style="display: block;">...</div>
  (Session info: chrome=129.0.6668.70)
Build info: version: '4.23.1', revision: '656257d8e9'
System info: os.name: 'Windows 10', os.arch: 'amd64', os.version: '10.0', java.version: '21.0.4'
Driver info: org.openqa.selenium.chrome.ChromeDriver
Command: [e40fab5cb0c49ca441f48afba084a77a, clickElement {id=f.39E4F57ED63A1E9F3DCB7F821568D64B.d.C6A2A90AC5466281190B95051DFD199C.e.418}]
Capabilities {acceptInsecureCerts: false, browserName: chrome, browserVersion: 129.0.6668.70, chrome: {chromedriverVersion: 129.0.6668.70 (df87d5cf12b1..., userDataDir: C:\Users\ABDULS~1\AppData\L...}, fedcm:accounts: true, goog:chromeOptions: {debuggerAddress: localhost:56703}, networkConnectionEnabled: false, pageLoadStrategy: normal, platformName: windows, proxy: Proxy(), se:cdp: ws://localhost:56703/devtoo..., se:cdpVersion: 129.0.6668.70, setWindowRect: true, strictFileInteractability: false, timeouts: {implicit: 0, pageLoad: 300000, script: 30000}, unhandledPromptBehavior: dismiss and notify, webauthn:extension:credBlob: true, webauthn:extension:largeBlob: true, webauthn:extension:minPinLength: true, webauthn:extension:prf: true, webauthn:virtualAuthenticators: true}
Element: [[ChromeDriver: chrome on windows (e40fab5cb0c49ca441f48afba084a77a)] -> xpath: //button[@id='btnCreateMAMStrategy']]
Session ID: e40fab5cb0c49ca441f48afba084a77a
	at pageObjects.BasePage.waitAndClick(BasePage.java:57) ~[test-classes/:?]
	at pageObjects.CP.ManagedAccounts_PublishedStrategies.clickSendRequest(ManagedAccounts_PublishedStrategies.java:74) ~[test-classes/:?]
	at testCases.TC015_CreatePublicStrategy.create_Public_strategy(TC015_CreatePublicStrategy.java:50) ~[test-classes/:?]
	at java.base/jdk.internal.reflect.DirectMethodHandleAccessor.invoke(DirectMethodHandleAccessor.java:103) ~[?:?]
	at java.base/java.lang.reflect.Method.invoke(Method.java:580) ~[?:?]
	at org.testng.internal.invokers.MethodInvocationHelper.invokeMethod(MethodInvocationHelper.java:141) ~[testng-7.10.2.jar:7.10.2]
	at org.testng.internal.invokers.TestInvoker.invokeMethod(TestInvoker.java:686) ~[testng-7.10.2.jar:7.10.2]
	at org.testng.internal.invokers.TestInvoker.invokeTestMethod(TestInvoker.java:230) ~[testng-7.10.2.jar:7.10.2]
	at org.testng.internal.invokers.MethodRunner.runInSequence(MethodRunner.java:63) ~[testng-7.10.2.jar:7.10.2]
	at org.testng.internal.invokers.TestInvoker$MethodInvocationAgent.invoke(TestInvoker.java:992) ~[testng-7.10.2.jar:7.10.2]
	at org.testng.internal.invokers.TestInvoker.invokeTestMethods(TestInvoker.java:203) ~[testng-7.10.2.jar:7.10.2]
	at org.testng.internal.invokers.TestMethodWorker.invokeTestMethods(TestMethodWorker.java:154) ~[testng-7.10.2.jar:7.10.2]
	at org.testng.internal.invokers.TestMethodWorker.run(TestMethodWorker.java:134) ~[testng-7.10.2.jar:7.10.2]
	at java.base/java.util.ArrayList.forEach(ArrayList.java:1596) [?:?]
	at org.testng.TestRunner.privateRun(TestRunner.java:739) [testng-7.10.2.jar:7.10.2]
	at org.testng.TestRunner.run(TestRunner.java:614) [testng-7.10.2.jar:7.10.2]
	at org.testng.SuiteRunner.runTest(SuiteRunner.java:421) [testng-7.10.2.jar:7.10.2]
	at org.testng.SuiteRunner.runSequentially(SuiteRunner.java:413) [testng-7.10.2.jar:7.10.2]
	at org.testng.SuiteRunner.privateRun(SuiteRunner.java:373) [testng-7.10.2.jar:7.10.2]
	at org.testng.SuiteRunner.run(SuiteRunner.java:312) [testng-7.10.2.jar:7.10.2]
	at org.testng.SuiteRunnerWorker.runSuite(SuiteRunnerWorker.java:52) [testng-7.10.2.jar:7.10.2]
	at org.testng.SuiteRunnerWorker.run(SuiteRunnerWorker.java:95) [testng-7.10.2.jar:7.10.2]
	at org.testng.TestNG.runSuitesSequentially(TestNG.java:1274) [testng-7.10.2.jar:7.10.2]
	at org.testng.TestNG.runSuitesLocally(TestNG.java:1208) [testng-7.10.2.jar:7.10.2]
	at org.testng.TestNG.runSuites(TestNG.java:1112) [testng-7.10.2.jar:7.10.2]
	at org.testng.TestNG.run(TestNG.java:1079) [testng-7.10.2.jar:7.10.2]
	at org.testng.remote.AbstractRemoteTestNG.run(AbstractRemoteTestNG.java:115) [testng-remote.jar:?]
	at org.testng.remote.RemoteTestNG.initAndRun(RemoteTestNG.java:293) [testng-remote.jar:?]
	at org.testng.remote.RemoteTestNG.main(RemoteTestNG.java:91) [testng-remote.jar:?]
2024-09-26 14:48:35 INFO  TC015_CreatePublicStrategy:86 - WebDriver session ended after method execution
2024-09-26 14:48:35 INFO  TC015_CreatePublicStrategy:92 - Test class teardown completed
2024-09-26 14:48:35 INFO  TC005_DepositFundsUSDTest:48 - Logger initialized for testCases.TC005_DepositFundsUSDTest
2024-09-26 14:48:35 INFO  TC005_DepositFundsUSDTest:52 - Faker instance initialized
2024-09-26 14:48:43 INFO  TC005_DepositFundsUSDTest:79 - WebDriver initialized and application URL opened
2024-09-26 14:48:43 INFO  TC005_DepositFundsUSDTest:100 - Entered username
2024-09-26 14:48:44 INFO  TC005_DepositFundsUSDTest:103 - Entered password
2024-09-26 14:48:44 INFO  TC005_DepositFundsUSDTest:106 - Clicked on Sign-In button
2024-09-26 14:48:44 INFO  TC005_DepositFundsUSDTest:62 - Login successful.
2024-09-26 14:49:00 INFO  TC005_DepositFundsUSDTest:68 - Navigated to Deposit Funds page.
2024-09-26 14:49:10 ERROR TC005_DepositFundsUSDTest:76 - An error occurred during the approval process: no such element: Unable to locate element: {"method":"xpath","selector":"//i[@data-dismiss='modal']"}
  (Session info: chrome=129.0.6668.70)
For documentation on this error, please visit: https://www.selenium.dev/documentation/webdriver/troubleshooting/errors#no-such-element-exception
Build info: version: '4.23.1', revision: '656257d8e9'
System info: os.name: 'Windows 10', os.arch: 'amd64', os.version: '10.0', java.version: '21.0.4'
Driver info: org.openqa.selenium.chrome.ChromeDriver
Command: [6c30c655e34125318eaf10c075147020, findElement {using=xpath, value=//i[@data-dismiss='modal']}]
Capabilities {acceptInsecureCerts: false, browserName: chrome, browserVersion: 129.0.6668.70, chrome: {chromedriverVersion: 129.0.6668.70 (df87d5cf12b1..., userDataDir: C:\Users\ABDULS~1\AppData\L...}, fedcm:accounts: true, goog:chromeOptions: {debuggerAddress: localhost:56740}, networkConnectionEnabled: false, pageLoadStrategy: normal, platformName: windows, proxy: Proxy(), se:cdp: ws://localhost:56740/devtoo..., se:cdpVersion: 129.0.6668.70, setWindowRect: true, strictFileInteractability: false, timeouts: {implicit: 0, pageLoad: 300000, script: 30000}, unhandledPromptBehavior: dismiss and notify, webauthn:extension:credBlob: true, webauthn:extension:largeBlob: true, webauthn:extension:minPinLength: true, webauthn:extension:prf: true, webauthn:virtualAuthenticators: true}
Session ID: 6c30c655e34125318eaf10c075147020
2024-09-26 14:49:11 INFO  TC005_DepositFundsUSDTest:86 - WebDriver session ended after method execution
2024-09-26 14:49:11 INFO  TC005_DepositFundsUSDTest:92 - Test class teardown completed
2024-09-26 14:49:11 INFO  TC004_CreateMT4AccountTest:48 - Logger initialized for testCases.TC004_CreateMT4AccountTest
2024-09-26 14:49:11 INFO  TC004_CreateMT4AccountTest:52 - Faker instance initialized
2024-09-26 14:49:20 INFO  TC004_CreateMT4AccountTest:79 - WebDriver initialized and application URL opened
2024-09-26 14:49:20 INFO  TC004_CreateMT4AccountTest:12 - *** Starting TC004_CreateMT4AccountTest ***
2024-09-26 14:49:20 INFO  TC004_CreateMT4AccountTest:100 - Entered username
2024-09-26 14:49:21 INFO  TC004_CreateMT4AccountTest:103 - Entered password
2024-09-26 14:49:21 INFO  TC004_CreateMT4AccountTest:106 - Clicked on Sign-In button
2024-09-26 14:49:21 INFO  TC004_CreateMT4AccountTest:17 - Login successful.
2024-09-26 14:49:30 INFO  TC004_CreateMT4AccountTest:21 - Clicked on My Accounts.
2024-09-26 14:49:34 INFO  TC004_CreateMT4AccountTest:24 - Clicked on Create Account.
2024-09-26 14:49:35 INFO  TC004_CreateMT4AccountTest:30 - Selected MT4 trading platform.
2024-09-26 14:49:36 INFO  TC004_CreateMT4AccountTest:35 - Entered account name: ftjcd
2024-09-26 14:49:36 INFO  TC004_CreateMT4AccountTest:39 - Selected USD wallet option.
2024-09-26 14:49:37 INFO  TC004_CreateMT4AccountTest:44 - Set account balance to: 1000
2024-09-26 14:49:37 INFO  TC004_CreateMT4AccountTest:48 - Clicked 'I Confirm' checkbox.
2024-09-26 14:49:37 INFO  TC004_CreateMT4AccountTest:52 - Clicked on Create Account button.
2024-09-26 14:49:44 INFO  TC004_CreateMT4AccountTest:56 - MT4 Account created with number: 1245995300
2024-09-26 14:49:45 INFO  TC004_CreateMT4AccountTest:60 - Dismissed the account creation modal.
2024-09-26 14:49:45 INFO  TC004_CreateMT4AccountTest:70 - *** Finished TC004_CreateMT4AccountTest ***
2024-09-26 14:49:45 INFO  TC004_CreateMT4AccountTest:86 - WebDriver session ended after method execution
2024-09-26 14:49:45 INFO  TC004_CreateMT4AccountTest:92 - Test class teardown completed
